c:\users\jipay\documents\visual studio 2013\projects\cardgestion\cardgestion\release\vc120.pdb
c:\users\jipay\documents\visual studio 2013\projects\cardgestion\cardgestion\release\keygenerator.obj
c:\users\jipay\documents\visual studio 2013\projects\cardgestion\cardgestion\release\key.obj
c:\users\jipay\documents\visual studio 2013\projects\cardgestion\cardgestion\release\interface.obj
c:\users\jipay\documents\visual studio 2013\projects\cardgestion\cardgestion\release\hero.obj
c:\users\jipay\documents\visual studio 2013\projects\cardgestion\cardgestion\release\game.obj
c:\users\jipay\documents\visual studio 2013\projects\cardgestion\cardgestion\release\fightergenerator.obj
c:\users\jipay\documents\visual studio 2013\projects\cardgestion\cardgestion\release\fighter.obj
c:\users\jipay\documents\visual studio 2013\projects\cardgestion\cardgestion\release\equipmentgenerator.obj
c:\users\jipay\documents\visual studio 2013\projects\cardgestion\cardgestion\release\equipment.obj
c:\users\jipay\documents\visual studio 2013\projects\cardgestion\cardgestion\release\entity.obj
c:\users\jipay\documents\visual studio 2013\projects\cardgestion\cardgestion\release\effectonplayerbonus.obj
c:\users\jipay\documents\visual studio 2013\projects\cardgestion\cardgestion\release\ediblegenerator.obj
c:\users\jipay\documents\visual studio 2013\projects\cardgestion\cardgestion\release\edible.obj
c:\users\jipay\documents\visual studio 2013\projects\cardgestion\cardgestion\release\damagebonus.obj
c:\users\jipay\documents\visual studio 2013\projects\cardgestion\cardgestion\release\counter.obj
c:\users\jipay\documents\visual studio 2013\projects\cardgestion\cardgestion\release\classicbonus.obj
c:\users\jipay\documents\visual studio 2013\projects\cardgestion\cardgestion\release\choice.obj
c:\users\jipay\documents\visual studio 2013\projects\cardgestion\cardgestion\release\character.obj
c:\users\jipay\documents\visual studio 2013\projects\cardgestion\cardgestion\release\card.obj
c:\users\jipay\documents\visual studio 2013\projects\cardgestion\cardgestion\release\bonus.obj
c:\users\jipay\documents\visual studio 2013\projects\cardgestion\cardgestion\release\weapongenerator.obj
c:\users\jipay\documents\visual studio 2013\projects\cardgestion\cardgestion\release\weapon.obj
c:\users\jipay\documents\visual studio 2013\projects\cardgestion\cardgestion\release\selectormonster.obj
c:\users\jipay\documents\visual studio 2013\projects\cardgestion\cardgestion\release\selectorequipment.obj
c:\users\jipay\documents\visual studio 2013\projects\cardgestion\cardgestion\release\notfighter.obj
c:\users\jipay\documents\visual studio 2013\projects\cardgestion\cardgestion\release\notfightergenerator.obj
c:\users\jipay\documents\visual studio 2013\projects\cardgestion\cardgestion\release\monster.obj
c:\users\jipay\documents\visual studio 2013\projects\cardgestion\cardgestion\release\main.obj
c:\users\jipay\documents\visual studio 2013\projects\cardgestion\release\cardgestion.exe
c:\users\jipay\documents\visual studio 2013\projects\cardgestion\release\cardgestion.pdb
c:\users\jipay\documents\visual studio 2013\projects\cardgestion\cardgestion\release\cardgestion.tlog\cl.command.1.tlog
c:\users\jipay\documents\visual studio 2013\projects\cardgestion\cardgestion\release\cardgestion.tlog\cl.read.1.tlog
c:\users\jipay\documents\visual studio 2013\projects\cardgestion\cardgestion\release\cardgestion.tlog\cl.write.1.tlog
c:\users\jipay\documents\visual studio 2013\projects\cardgestion\cardgestion\release\cardgestion.tlog\link.command.1.tlog
c:\users\jipay\documents\visual studio 2013\projects\cardgestion\cardgestion\release\cardgestion.tlog\link.read.1.tlog
c:\users\jipay\documents\visual studio 2013\projects\cardgestion\cardgestion\release\cardgestion.tlog\link.write.1.tlog
